[0.079s] DEBUG:colcon:Command line arguments: ['/usr/bin/colcon', 'list', '-p', '--base-paths', '/home/daksh/ws']
[0.079s] DEBUG:colcon:Parsed command line arguments: Namespace(log_base=None, log_level=None, verb_name='list', build_base='build', ignore_user_meta=False, metas=['./colcon.meta'], base_paths=['/home/daksh/ws'], packages_ignore=None, packages_ignore_regex=None, paths=None, packages_up_to=None, packages_up_to_regex=None, packages_above=None, packages_above_and_dependencies=None, packages_above_depth=None, packages_select_by_dep=None, packages_skip_by_dep=None, packages_skip_up_to=None, packages_select_build_failed=False, packages_skip_build_finished=False, packages_select_test_failures=False, packages_skip_test_passed=False, packages_select=None, packages_skip=None, packages_select_regex=None, packages_skip_regex=None, packages_start=None, packages_end=None, allow_overriding=[], topological_order=False, names_only=False, paths_only=True, topological_graph=False, topological_graph_dot=False, topological_graph_density=False, topological_graph_legend=False, topological_graph_dot_cluster=False, topological_graph_dot_include_skipped=False, mixin_files=None, mixin=None, verb_parser=<colcon_mixin.mixin.mixin_argument.MixinArgumentDecorator object at 0x7de340fa4fb0>, verb_extension=<colcon_package_information.verb.list.ListVerb object at 0x7de340fa4320>, main=<bound method ListVerb.main of <colcon_package_information.verb.list.ListVerb object at 0x7de340fa4320>>, mixin_verb=('list',))
[0.109s] Level 1:colcon.colcon_core.package_discovery:discover_packages(colcon_meta) check parameters
[0.109s] Level 1:colcon.colcon_core.package_discovery:discover_packages(recursive) check parameters
[0.109s] Level 1:colcon.colcon_core.package_discovery:discover_packages(ignore) check parameters
[0.109s] Level 1:colcon.colcon_core.package_discovery:discover_packages(path) check parameters
[0.109s] Level 1:colcon.colcon_core.package_discovery:discover_packages(recursive) discover
[0.109s] INFO:colcon.colcon_core.package_discovery:Crawling recursively for packages in '/home/daksh/ws'
[0.109s] Level 1:colcon.colcon_core.package_identification:_identify(/home/daksh/ws) by extensions ['ignore', 'ignore_ament_install']
[0.109s] Level 1:colcon.colcon_core.package_identification:_identify(/home/daksh/ws) by extension 'ignore'
[0.109s] Level 1:colcon.colcon_core.package_identification:_identify(/home/daksh/ws) by extension 'ignore_ament_install'
[0.109s] Level 1:colcon.colcon_core.package_identification:_identify(/home/daksh/ws) by extensions ['colcon_pkg']
[0.109s] Level 1:colcon.colcon_core.package_identification:_identify(/home/daksh/ws) by extension 'colcon_pkg'
[0.109s] Level 1:colcon.colcon_core.package_identification:_identify(/home/daksh/ws) by extensions ['colcon_meta']
[0.109s] Level 1:colcon.colcon_core.package_identification:_identify(/home/daksh/ws) by extension 'colcon_meta'
[0.110s] Level 1:colcon.colcon_core.package_identification:_identify(/home/daksh/ws) by extensions ['ros']
[0.110s] Level 1:colcon.colcon_core.package_identification:_identify(/home/daksh/ws) by extension 'ros'
[0.130s] Level 1:colcon.colcon_core.package_identification:_identify(/home/daksh/ws) by extensions ['cmake', 'python']
[0.130s] Level 1:colcon.colcon_core.package_identification:_identify(/home/daksh/ws) by extension 'cmake'
[0.130s] Level 1:colcon.colcon_core.package_identification:_identify(/home/daksh/ws) by extension 'python'
[0.130s] Level 1:colcon.colcon_core.package_identification:_identify(/home/daksh/ws) by extensions ['python_setup_py']
[0.130s] Level 1:colcon.colcon_core.package_identification:_identify(/home/daksh/ws) by extension 'python_setup_py'
[0.130s] Level 1:colcon.colcon_core.package_identification:_identify(/home/daksh/ws/log) by extensions ['ignore', 'ignore_ament_install']
[0.130s] Level 1:colcon.colcon_core.package_identification:_identify(/home/daksh/ws/log) by extension 'ignore'
[0.130s] Level 1:colcon.colcon_core.package_identification:_identify(/home/daksh/ws/log) ignored
[0.130s] Level 1:colcon.colcon_core.package_identification:_identify(/home/daksh/ws/src) by extensions ['ignore', 'ignore_ament_install']
[0.130s] Level 1:colcon.colcon_core.package_identification:_identify(/home/daksh/ws/src) by extension 'ignore'
[0.130s] Level 1:colcon.colcon_core.package_identification:_identify(/home/daksh/ws/src) by extension 'ignore_ament_install'
[0.130s] Level 1:colcon.colcon_core.package_identification:_identify(/home/daksh/ws/src) by extensions ['colcon_pkg']
[0.130s] Level 1:colcon.colcon_core.package_identification:_identify(/home/daksh/ws/src) by extension 'colcon_pkg'
[0.130s] Level 1:colcon.colcon_core.package_identification:_identify(/home/daksh/ws/src) by extensions ['colcon_meta']
[0.131s] Level 1:colcon.colcon_core.package_identification:_identify(/home/daksh/ws/src) by extension 'colcon_meta'
[0.131s] Level 1:colcon.colcon_core.package_identification:_identify(/home/daksh/ws/src) by extensions ['ros']
[0.131s] Level 1:colcon.colcon_core.package_identification:_identify(/home/daksh/ws/src) by extension 'ros'
[0.131s] Level 1:colcon.colcon_core.package_identification:_identify(/home/daksh/ws/src) by extensions ['cmake', 'python']
[0.131s] Level 1:colcon.colcon_core.package_identification:_identify(/home/daksh/ws/src) by extension 'cmake'
[0.131s] Level 1:colcon.colcon_core.package_identification:_identify(/home/daksh/ws/src) by extension 'python'
[0.131s] Level 1:colcon.colcon_core.package_identification:_identify(/home/daksh/ws/src) by extensions ['python_setup_py']
[0.131s] Level 1:colcon.colcon_core.package_identification:_identify(/home/daksh/ws/src) by extension 'python_setup_py'
[0.131s] Level 1:colcon.colcon_core.package_identification:_identify(/home/daksh/ws/src/servo_driver) by extensions ['ignore', 'ignore_ament_install']
[0.131s] Level 1:colcon.colcon_core.package_identification:_identify(/home/daksh/ws/src/servo_driver) by extension 'ignore'
[0.131s] Level 1:colcon.colcon_core.package_identification:_identify(/home/daksh/ws/src/servo_driver) by extension 'ignore_ament_install'
[0.131s] Level 1:colcon.colcon_core.package_identification:_identify(/home/daksh/ws/src/servo_driver) by extensions ['colcon_pkg']
[0.131s] Level 1:colcon.colcon_core.package_identification:_identify(/home/daksh/ws/src/servo_driver) by extension 'colcon_pkg'
[0.131s] Level 1:colcon.colcon_core.package_identification:_identify(/home/daksh/ws/src/servo_driver) by extensions ['colcon_meta']
[0.131s] Level 1:colcon.colcon_core.package_identification:_identify(/home/daksh/ws/src/servo_driver) by extension 'colcon_meta'
[0.131s] Level 1:colcon.colcon_core.package_identification:_identify(/home/daksh/ws/src/servo_driver) by extensions ['ros']
[0.131s] Level 1:colcon.colcon_core.package_identification:_identify(/home/daksh/ws/src/servo_driver) by extension 'ros'
[0.132s] DEBUG:colcon.colcon_core.package_identification:Failed to parse potential ROS package manifest in'/home/daksh/ws/src/servo_driver': Error(s) in package '/home/daksh/ws/src/servo_driver/package.xml':
The manifest contains invalid XML:
no element found: line 1, column 0
[0.132s] Level 1:colcon.colcon_core.package_identification:_identify(/home/daksh/ws/src/servo_driver) by extensions ['cmake', 'python']
[0.132s] Level 1:colcon.colcon_core.package_identification:_identify(/home/daksh/ws/src/servo_driver) by extension 'cmake'
[0.133s] Level 1:colcon.colcon_core.package_identification:_identify(/home/daksh/ws/src/servo_driver) by extension 'python'
[0.133s] DEBUG:colcon.colcon_core.package_identification:Package '/home/daksh/ws/src/servo_driver' with type 'cmake' and name 'servo_driver'
[0.133s] Level 1:colcon.colcon_core.package_discovery:discover_packages(recursive) using defaults
